2025-01-17 18:26:48.655 | INFO     | utils.utils_logger:<module>:38 - Logging to file: logs/project_log.log
2025-01-17 18:26:48.656 | INFO     | __main__:main:106 - START producer...
2025-01-17 18:26:48.656 | INFO     | __main__:main:107 - Hit CTRL c (or CMD c) to close.
2025-01-17 18:26:48.656 | INFO     | __main__:get_message_interval:53 - Messages will be sent every 3 seconds.
2025-01-17 18:26:48.656 | INFO     | __main__:main:114 - I just saw an app! It was exciting.
2025-01-17 18:26:51.658 | INFO     | __main__:main:114 - I just tried a trick! It was amazing.
2025-01-17 18:26:54.662 | INFO     | __main__:main:114 - I just shared a meme! It was weird.
2025-01-17 18:26:57.665 | INFO     | __main__:main:114 - I just tried an app! It was amazing.
2025-01-17 18:27:00.670 | INFO     | __main__:main:114 - I just found a story! It was boring.
2025-01-17 18:27:03.672 | INFO     | __main__:main:114 - I just tried a meme! It was amazing.
2025-01-17 18:27:06.676 | INFO     | __main__:main:114 - I just shared a story! It was boring.
2025-01-17 18:27:09.682 | INFO     | __main__:main:114 - I just found a movie! It was exciting.
2025-01-17 18:27:12.684 | INFO     | __main__:main:114 - I just shared a movie! It was amazing.
2025-01-17 18:27:15.686 | INFO     | __main__:main:114 - I just found an app! It was boring.
2025-01-17 18:27:18.687 | INFO     | __main__:main:114 - I just shared a story! It was weird.
2025-01-17 18:27:21.688 | INFO     | __main__:main:114 - I just tried a meme! It was funny.
2025-01-17 18:27:24.694 | INFO     | __main__:main:114 - I just shared a movie! It was exciting.
2025-01-17 18:27:27.697 | INFO     | __main__:main:114 - I just saw a meme! It was amazing.
2025-01-17 18:27:30.700 | INFO     | __main__:main:114 - I just found a trick! It was weird.
2025-01-17 18:27:33.703 | INFO     | __main__:main:114 - I just tried an app! It was boring.
2025-01-17 18:27:36.707 | INFO     | __main__:main:114 - I just saw a story! It was exciting.
2025-01-17 18:27:39.710 | INFO     | __main__:main:114 - I just found a story! It was funny.
2025-01-17 18:27:42.715 | INFO     | __main__:main:114 - I just found a meme! It was weird.
2025-01-17 18:27:45.719 | INFO     | __main__:main:114 - I just found a meme! It was funny.
2025-01-17 18:27:48.721 | INFO     | __main__:main:114 - I just saw a movie! It was weird.
2025-01-17 18:27:51.725 | INFO     | __main__:main:114 - I just saw an app! It was funny.
2025-01-17 18:27:54.727 | INFO     | __main__:main:114 - I just shared a movie! It was exciting.
2025-01-17 18:27:57.730 | INFO     | __main__:main:114 - I just tried a story! It was funny.
2025-01-17 18:28:00.735 | INFO     | __main__:main:114 - I just loved a movie! It was weird.
2025-01-17 18:28:03.740 | INFO     | __main__:main:114 - I just loved a story! It was exciting.
2025-01-17 18:28:06.746 | INFO     | __main__:main:114 - I just shared a trick! It was boring.
2025-01-17 18:28:09.752 | INFO     | __main__:main:114 - I just found an app! It was funny.
2025-01-17 18:28:12.755 | INFO     | __main__:main:114 - I just loved a meme! It was amazing.
2025-01-17 18:28:15.760 | INFO     | __main__:main:114 - I just tried an app! It was weird.
2025-01-17 18:28:18.765 | INFO     | __main__:main:114 - I just shared a story! It was funny.
2025-01-17 18:28:21.768 | INFO     | __main__:main:114 - I just shared a movie! It was weird.
2025-01-17 18:28:24.769 | INFO     | __main__:main:114 - I just tried an app! It was boring.
2025-01-17 18:28:27.771 | INFO     | __main__:main:114 - I just loved a trick! It was amazing.
2025-01-17 18:36:14.559 | INFO     | utils.utils_logger:<module>:38 - Logging to file: logs/project_log.log
2025-01-17 18:46:13.327 | INFO     | utils.utils_logger:<module>:38 - Logging to file: logs/project_log.log
2025-01-17 18:46:13.328 | INFO     | __main__:main:106 - START producer...
2025-01-17 18:46:13.328 | INFO     | __main__:main:107 - Hit CTRL c (or CMD c) to close.
2025-01-17 18:46:13.328 | INFO     | __main__:get_message_interval:53 - Messages will be sent every 3 seconds.
2025-01-17 18:46:13.328 | INFO     | __main__:main:114 - I just seeing a instagram! It was hungry.
2025-01-17 18:46:16.334 | INFO     | __main__:main:114 - I just seeing crypto! It was happy.
2025-01-17 18:46:19.337 | INFO     | __main__:main:114 - I just sharing a instagram! It was too amazing.
2025-01-17 18:46:22.342 | INFO     | __main__:main:114 - I just seeing confused! It was too amazing.
2025-01-17 18:46:25.349 | INFO     | __main__:main:114 - I just never tired complicated course! It was too amazing.
2025-01-17 18:46:28.352 | INFO     | __main__:main:114 - I just finding crypto! It was hungry.
2025-01-17 18:46:31.353 | INFO     | __main__:main:114 - I just seeing confused! It was cranky.
2025-01-17 18:46:34.357 | INFO     | __main__:main:114 - I just finding a instagram! It was too amazing.
2025-01-17 18:46:37.361 | INFO     | __main__:main:114 - I just loving complicated course! It was too amazing.
2025-01-17 18:46:40.366 | INFO     | __main__:main:114 - I just seeing a show! It was not funny.
2025-01-17 18:46:43.372 | INFO     | __main__:main:114 - I just seeing a instagram! It was not funny.
2025-01-17 18:46:46.377 | INFO     | __main__:main:114 - I just seeing a instagram! It was not funny.
2025-01-17 18:46:49.380 | INFO     | __main__:main:114 - I just seeing complicated course! It was cranky.
2025-01-17 18:46:52.386 | INFO     | __main__:main:114 - I just loving confused! It was cranky.
2025-01-17 18:46:55.391 | INFO     | __main__:main:114 - I just sharing confused! It was too amazing.
2025-01-17 18:46:58.397 | INFO     | __main__:main:114 - I just loving a show! It was cranky.
2025-01-17 18:47:01.402 | INFO     | __main__:main:114 - I just loving complicated course! It was not funny.
2025-01-17 18:47:04.404 | INFO     | __main__:main:114 - I just never tired confused! It was too amazing.
2025-01-17 18:47:07.405 | INFO     | __main__:main:114 - I just seeing confused! It was too amazing.
2025-01-17 18:47:10.410 | INFO     | __main__:main:114 - I just finding confused! It was not funny.
2025-01-17 18:47:13.411 | INFO     | __main__:main:114 - I just seeing a instagram! It was happy.
2025-01-17 18:47:16.417 | INFO     | __main__:main:114 - I just seeing a show! It was too amazing.
2025-01-17 18:47:19.423 | INFO     | __main__:main:114 - I just finding a show! It was cranky.
2025-01-17 18:47:22.427 | INFO     | __main__:main:114 - I just never tired a show! It was cranky.
2025-01-17 18:47:25.432 | INFO     | __main__:main:114 - I just seeing crypto! It was cranky.
2025-01-17 18:47:28.382 | INFO     | __main__:main:114 - I just loving complicated course! It was cranky.
2025-01-17 18:47:31.388 | INFO     | __main__:main:114 - I just finding complicated course! It was not funny.
2025-01-17 18:47:34.391 | INFO     | __main__:main:114 - I just never tired crypto! It was hungry.
2025-01-17 18:47:37.394 | INFO     | __main__:main:114 - I just seeing complicated course! It was too amazing.
2025-01-17 18:47:40.399 | INFO     | __main__:main:114 - I just never tired confused! It was happy.
2025-01-17 18:47:43.402 | INFO     | __main__:main:114 - I just finding a show! It was too amazing.
2025-01-17 18:47:46.405 | INFO     | __main__:main:114 - I just finding confused! It was cranky.
2025-01-17 18:47:49.411 | INFO     | __main__:main:114 - I just finding a show! It was not funny.
